<?xml version="1.0" encoding="UTF-8"?>
<!-- Generated by org.testng.reporters.JUnitReportReporter -->
<testsuite hostname="viky-PC" name="controller.NewTest" tests="10" failures="0" timestamp="14 Sep 2015 05:03:46 GMT" time="8.827" errors="0">
  <testcase name="phoneType" time="0.140" classname="controller.NewTest"/>
  <testcase name="postalCode" time="0.492" classname="controller.NewTest"/>
  <testcase name="verifyConinue" time="0.310" classname="controller.NewTest"/>
  <testcase name="verifyInvalidEmail" time="1.381" classname="controller.NewTest"/>
  <testcase name="verifyLastName" time="0.488" classname="controller.NewTest"/>
  <testcase name="verifyFirstName" time="0.822" classname="controller.NewTest"/>
  <testcase name="VerifyHomepageTitle" time="2.706" classname="controller.NewTest"/>
  <testcase name="phoneNumber" time="1.047" classname="controller.NewTest"/>
  <testcase name="verifyAllErrors" time="0.263" classname="controller.NewTest"/>
  <testcase name="verifyValidEmail" time="1.178" classname="controller.NewTest"/>
</testsuite> <!-- controller.NewTest -->
